ftc-cameratest/build/outputs/logs/manifest-merger-debug-report.txt
-- Merging decision tree log ---
manifest
ADDED from src\main\AndroidManifest.xml:2:1-48:12
	xmlns:tools
		ADDED from src\main\AndroidManifest.xml:3:5-51
	xmlns:android
		ADDED from src\main\AndroidManifest.xml:2:11-69
	package
		ADDED from src\main\AndroidManifest.xml:4:5-44
		INJECTED from src\main\AndroidManifest.xml
		INJECTED from src\main\AndroidManifest.xml
	android:versionName
		ADDED from src\main\AndroidManifest.xml:6:5-31
	android:versionCode
		ADDED from src\main\AndroidManifest.xml:5:5-30
		INJECTED from src\main\AndroidManifest.xml
		INJECTED from src\main\AndroidManifest.xml
application
ADDED from src\main\AndroidManifest.xml:8:5-23:19
MERGED from [FTCVision-master:ftc-visionlib:unspecified] AndroidManifest.xml:11:5-14:19
MERGED from [:FtcCommon-release:] AndroidManifest.xml:21:5-156:19
MERGED from [:Analytics-release:] AndroidManifest.xml:19:5-24:19
	android:allowBackup
		ADDED from [FTCVision-master:ftc-visionlib:unspecified] AndroidManifest.xml:12:9-35
	android:label
		ADDED from src\main\AndroidManifest.xml:9:9-41
	android:icon
		ADDED from [:FtcCommon-release:] AndroidManifest.xml:23:9-45
	android:theme
		ADDED from src\main\AndroidManifest.xml:10:9-67
		REJECTED from [:FtcCommon-release:] AndroidManifest.xml:25:9-40
	android:exported
		ADDED from [:Analytics-release:] AndroidManifest.xml:21:9-32
	tools:replace
		ADDED from src\main\AndroidManifest.xml:11:9-38
activity#com.lasarobotics.tests.camera.CameraTestActivity
ADDED from src\main\AndroidManifest.xml:13:9-22:20
	android:screenOrientation
		ADDED from src\main\AndroidManifest.xml:17:13-50
	android:label
		ADDED from src\main\AndroidManifest.xml:16:13-45
	android:configChanges
		ADDED from src\main\AndroidManifest.xml:15:13-63
	android:name
		ADDED from src\main\AndroidManifest.xml:14:13-76
intent-filter#android.intent.action.MAIN+android.intent.category.LAUNCHER
ADDED from src\main\AndroidManifest.xml:18:13-21:29
action#android.intent.action.MAIN
ADDED from src\main\AndroidManifest.xml:19:17-69
	android:name
		ADDED from src\main\AndroidManifest.xml:19:25-66
category#android.intent.category.LAUNCHER
ADDED from src\main\AndroidManifest.xml:20:17-77
	android:name
		ADDED from src\main\AndroidManifest.xml:20:27-74
supports-screens
ADDED from src\main\AndroidManifest.xml:25:5-30:39
	android:resizeable
		ADDED from src\main\AndroidManifest.xml:29:9-34
	android:largeScreens
		ADDED from src\main\AndroidManifest.xml:27:9-36
	android:anyDensity
		ADDED from src\main\AndroidManifest.xml:26:9-34
	android:normalScreens
		ADDED from src\main\AndroidManifest.xml:28:9-37
	android:smallScreens
		ADDED from src\main\AndroidManifest.xml:30:9-36
uses-permission#android.permission.CAMERA
ADDED from src\main\AndroidManifest.xml:32:5-65
	android:name
		ADDED from src\main\AndroidManifest.xml:32:22-62
uses-permission#android.permission.WRITE_EXTERNAL_STORAGE
ADDED from src\main\AndroidManifest.xml:33:5-81
MERGED from [:FtcCommon-release:] AndroidManifest.xml:11:5-13:35
MERGED from [:Analytics-release:] AndroidManifest.xml:9:5-11:35
	android:required
		ADDED from [:FtcCommon-release:] AndroidManifest.xml:13:9-32
	android:name
		ADDED from src\main\AndroidManifest.xml:33:22-78
uses-feature#android.hardware.camera
ADDED from src\main\AndroidManifest.xml:35:5-37:36
	android:required
		ADDED from src\main\AndroidManifest.xml:37:9-33
	android:name
		ADDED from src\main\AndroidManifest.xml:36:9-47
uses-feature#android.hardware.camera.autofocus
ADDED from src\main\AndroidManifest.xml:38:5-40:36
	android:required
		ADDED from src\main\AndroidManifest.xml:40:9-33
	android:name
		ADDED from src\main\AndroidManifest.xml:39:9-57
uses-feature#android.hardware.camera.front
ADDED from src\main\AndroidManifest.xml:41:5-43:36
	android:required
		ADDED from src\main\AndroidManifest.xml:43:9-33
	android:name
		ADDED from src\main\AndroidManifest.xml:42:9-53
uses-feature#android.hardware.camera.front.autofocus
ADDED from src\main\AndroidManifest.xml:44:5-46:36
	android:required
		ADDED from src\main\AndroidManifest.xml:46:9-33
	android:name
		ADDED from src\main\AndroidManifest.xml:45:9-63
uses-sdk
INJECTED from src\main\AndroidManifest.xml reason: use-sdk injection requested
MERGED from [FTCVision-master:opencv-java:unspecified] AndroidManifest.xml:7:5-9:41
MERGED from [FTCVision-master:ftc-visionlib:unspecified] AndroidManifest.xml:7:5-9:41
MERGED from [:RobotCore-release:] AndroidManifest.xml:5:5-7:41
MERGED from [:Hardware-release:] AndroidManifest.xml:5:5-7:41
MERGED from [:FtcCommon-release:] AndroidManifest.xml:7:5-9:41
MERGED from [:ModernRobotics-release:] AndroidManifest.xml:5:5-7:41
MERGED from [:Analytics-release:] AndroidManifest.xml:5:5-7:41
MERGED from [:WirelessP2p-release:] AndroidManifest.xml:5:5-7:41
MERGED from [FTCVision-master:opencv-java:unspecified] AndroidManifest.xml:7:5-9:41
	android:targetSdkVersion
		INJECTED from src\main\AndroidManifest.xml
		INJECTED from src\main\AndroidManifest.xml
	android:minSdkVersion
		INJECTED from src\main\AndroidManifest.xml
		INJECTED from src\main\AndroidManifest.xml
uses-permission#android.permission.READ_EXTERNAL_STORAGE
ADDED from [:FtcCommon-release:] AndroidManifest.xml:14:5-16:35
	android:required
		ADDED from [:FtcCommon-release:] AndroidManifest.xml:16:9-32
	android:name
		ADDED from [:FtcCommon-release:] AndroidManifest.xml:15:9-64
uses-permission#android.permission.WRITE_SETTINGS
ADDED from [:FtcCommon-release:] AndroidManifest.xml:17:5-19:35
	android:required
		ADDED from [:FtcCommon-release:] AndroidManifest.xml:19:9-32
	android:name
		ADDED from [:FtcCommon-release:] AndroidManifest.xml:18:9-57
activity#com.qualcomm.ftccommon.FtcRobotControllerSettingsActivity
ADDED from [:FtcCommon-release:] AndroidManifest.xml:26:9-35:20
	android:label
		ADDED from [:FtcCommon-release:] AndroidManifest.xml:29:13-54
	android:exported
		ADDED from [:FtcCommon-release:] AndroidManifest.xml:28:13-36
	android:name
		ADDED from [:FtcCommon-release:] AndroidManifest.xml:27:13-85
intent-filter#android.intent.category.DEFAULT+com.qualcomm.ftccommon.FtcRobotControllerSettingsActivity.intent.action.Launch
ADDED from [:FtcCommon-release:] AndroidManifest.xml:30:13-34:29
action#com.qualcomm.ftccommon.FtcRobotControllerSettingsActivity.intent.action.Launch
ADDED from [:FtcCommon-release:] AndroidManifest.xml:31:17-121
	android:name
		ADDED from [:FtcCommon-release:] AndroidManifest.xml:31:25-118
category#android.intent.category.DEFAULT
ADDED from [:FtcCommon-release:] AndroidManifest.xml:33:17-76
	android:name
		ADDED from [:FtcCommon-release:] AndroidManifest.xml:33:27-73
activity#com.qualcomm.ftccommon.configuration.FtcLoadFileActivity
ADDED from [:FtcCommon-release:] AndroidManifest.xml:36:9-46:20
	android:label
		ADDED from [:FtcCommon-release:] AndroidManifest.xml:40:13-56
	android:configChanges
		ADDED from [:FtcCommon-release:] AndroidManifest.xml:38:13-59
	android:exported
		ADDED from [:FtcCommon-release:] AndroidManifest.xml:39:13-36
	android:name
		ADDED from [:FtcCommon-release:] AndroidManifest.xml:37:13-84
intent-filter#android.intent.category.DEFAULT+com.qualcomm.ftccommon.configuration.FtcLoadFileActivity.intent.action.Launch
ADDED from [:FtcCommon-release:] AndroidManifest.xml:41:13-45:29
action#com.qualcomm.ftccommon.configuration.FtcLoadFileActivity.intent.action.Launch
ADDED from [:FtcCommon-release:] AndroidManifest.xml:42:17-120
	android:name
		ADDED from [:FtcCommon-release:] AndroidManifest.xml:42:25-117
activity#com.qualcomm.ftccommon.configuration.AutoConfigureActivity
ADDED from [:FtcCommon-release:] AndroidManifest.xml:47:9-57:20
	android:label
		ADDED from [:FtcCommon-release:] AndroidManifest.xml:51:13-65
	android:configChanges
		ADDED from [:FtcCommon-release:] AndroidManifest.xml:49:13-59
	android:exported
		ADDED from [:FtcCommon-release:] AndroidManifest.xml:50:13-36
	android:name
		ADDED from [:FtcCommon-release:] AndroidManifest.xml:48:13-86
intent-filter#android.intent.category.DEFAULT+com.qualcomm.ftccommon.configuration.FtcAutoconfigureActivity.intent.action.Launch
ADDED from [:FtcCommon-release:] AndroidManifest.xml:52:13-56:29
action#com.qualcomm.ftccommon.configuration.FtcAutoconfigureActivity.intent.action.Launch
ADDED from [:FtcCommon-release:] AndroidManifest.xml:53:17-125
	android:name
		ADDED from [:FtcCommon-release:] AndroidManifest.xml:53:25-122
activity#com.qualcomm.ftccommon.configuration.FtcConfigurationActivity
ADDED from [:FtcCommon-release:] AndroidManifest.xml:58:9-62:20
	android:label
		ADDED from [:FtcCommon-release:] AndroidManifest.xml:61:13-45
	android:configChanges
		ADDED from [:FtcCommon-release:] AndroidManifest.xml:60:13-59
	android:name
		ADDED from [:FtcCommon-release:] AndroidManifest.xml:59:13-89
activity#com.qualcomm.ftccommon.ConfigWifiDirectActivity
ADDED from [:FtcCommon-release:] AndroidManifest.xml:63:9-66:73
	android:label
		ADDED from [:FtcCommon-release:] AndroidManifest.xml:66:13-70
	android:exported
		ADDED from [:FtcCommon-release:] AndroidManifest.xml:65:13-36
	android:name
		ADDED from [:FtcCommon-release:] AndroidManifest.xml:64:13-75
activity#com.qualcomm.ftccommon.FtcWifiChannelSelectorActivity
ADDED from [:FtcCommon-release:] AndroidManifest.xml:67:9-76:20
	android:label
		ADDED from [:FtcCommon-release:] AndroidManifest.xml:70:13-73
	android:exported
		ADDED from [:FtcCommon-release:] AndroidManifest.xml:69:13-36
	android:name
		ADDED from [:FtcCommon-release:] AndroidManifest.xml:68:13-81
intent-filter#android.intent.category.DEFAULT+com.qualcomm.ftccommon.FtcWifiChannelSelectorActivity.intent.action.Launch
ADDED from [:FtcCommon-release:] AndroidManifest.xml:71:13-75:29
action#com.qualcomm.ftccommon.FtcWifiChannelSelectorActivity.intent.action.Launch
ADDED from [:FtcCommon-release:] AndroidManifest.xml:72:17-117
	android:name
		ADDED from [:FtcCommon-release:] AndroidManifest.xml:72:25-114
activity#com.qualcomm.ftccommon.ViewLogsActivity
ADDED from [:FtcCommon-release:] AndroidManifest.xml:77:9-86:20
	android:label
		ADDED from [:FtcCommon-release:] AndroidManifest.xml:80:13-55
	android:configChanges
		ADDED from [:FtcCommon-release:] AndroidManifest.xml:79:13-59
	android:name
		ADDED from [:FtcCommon-release:] AndroidManifest.xml:78:13-67
intent-filter#android.intent.category.DEFAULT+com.qualcomm.ftccommon.ViewLogsActivity.intent.action.Launch
ADDED from [:FtcCommon-release:] AndroidManifest.xml:81:13-85:29
action#com.qualcomm.ftccommon.ViewLogsActivity.intent.action.Launch
ADDED from [:FtcCommon-release:] AndroidManifest.xml:82:17-103
	android:name
		ADDED from [:FtcCommon-release:] AndroidManifest.xml:82:25-100
activity#com.qualcomm.ftccommon.AboutActivity
ADDED from [:FtcCommon-release:] AndroidManifest.xml:87:9-95:20
	android:label
		ADDED from [:FtcCommon-release:] AndroidManifest.xml:89:13-51
	android:name
		ADDED from [:FtcCommon-release:] AndroidManifest.xml:88:13-64
intent-filter#android.intent.category.DEFAULT+com.qualcomm.ftccommon.configuration.AboutActivity.intent.action.Launch
ADDED from [:FtcCommon-release:] AndroidManifest.xml:90:13-94:29
action#com.qualcomm.ftccommon.configuration.AboutActivity.intent.action.Launch
ADDED from [:FtcCommon-release:] AndroidManifest.xml:91:17-114
	android:name
		ADDED from [:FtcCommon-release:] AndroidManifest.xml:91:25-111
activity#com.qualcomm.ftccommon.configuration.EditMotorControllerActivity
ADDED from [:FtcCommon-release:] AndroidManifest.xml:96:9-101:20
	android:windowSoftInputMode
		ADDED from [:FtcCommon-release:] AndroidManifest.xml:100:13-54
	android:label
		ADDED from [:FtcCommon-release:] AndroidManifest.xml:99:13-67
	android:configChanges
		ADDED from [:FtcCommon-release:] AndroidManifest.xml:98:13-59
	android:name
		ADDED from [:FtcCommon-release:] AndroidManifest.xml:97:13-92
activity#com.qualcomm.ftccommon.configuration.EditServoControllerActivity
ADDED from [:FtcCommon-release:] AndroidManifest.xml:102:9-107:20
	android:windowSoftInputMode
		ADDED from [:FtcCommon-release:] AndroidManifest.xml:106:13-67
	android:label
		ADDED from [:FtcCommon-release:] AndroidManifest.xml:105:13-67
	android:configChanges
		ADDED from [:FtcCommon-release:] AndroidManifest.xml:104:13-59
	android:name
		ADDED from [:FtcCommon-release:] AndroidManifest.xml:103:13-92
activity#com.qualcomm.ftccommon.configuration.EditLegacyModuleControllerActivity
ADDED from [:FtcCommon-release:] AndroidManifest.xml:108:9-113:20
	android:windowSoftInputMode
		ADDED from [:FtcCommon-release:] AndroidManifest.xml:112:13-67
	android:label
		ADDED from [:FtcCommon-release:] AndroidManifest.xml:111:13-75
	android:configChanges
		ADDED from [:FtcCommon-release:] AndroidManifest.xml:110:13-59
	android:name
		ADDED from [:FtcCommon-release:] AndroidManifest.xml:109:13-99
activity#com.qualcomm.ftccommon.configuration.EditMatrixControllerActivity
ADDED from [:FtcCommon-release:] AndroidManifest.xml:114:9-119:20
	android:windowSoftInputMode
		ADDED from [:FtcCommon-release:] AndroidManifest.xml:118:13-67
	android:label
		ADDED from [:FtcCommon-release:] AndroidManifest.xml:117:13-68
	android:configChanges
		ADDED from [:FtcCommon-release:] AndroidManifest.xml:116:13-59
	android:name
		ADDED from [:FtcCommon-release:] AndroidManifest.xml:115:13-93
activity#com.qualcomm.ftccommon.configuration.EditDeviceInterfaceModuleActivity
ADDED from [:FtcCommon-release:] AndroidManifest.xml:120:9-125:20
	android:windowSoftInputMode
		ADDED from [:FtcCommon-release:] AndroidManifest.xml:124:13-67
	android:label
		ADDED from [:FtcCommon-release:] AndroidManifest.xml:123:13-90
	android:configChanges
		ADDED from [:FtcCommon-release:] AndroidManifest.xml:122:13-59
	android:name
		ADDED from [:FtcCommon-release:] AndroidManifest.xml:121:13-98
activity#com.qualcomm.ftccommon.configuration.EditPWMDevicesActivity
ADDED from [:FtcCommon-release:] AndroidManifest.xml:126:9-131:20
	android:windowSoftInputMode
		ADDED from [:FtcCommon-release:] AndroidManifest.xml:130:13-67
	android:label
		ADDED from [:FtcCommon-release:] AndroidManifest.xml:129:13-62
	android:configChanges
		ADDED from [:FtcCommon-release:] AndroidManifest.xml:128:13-59
	android:name
		ADDED from [:FtcCommon-release:] AndroidManifest.xml:127:13-87
activity#com.qualcomm.ftccommon.configuration.EditAnalogInputDevicesActivity
ADDED from [:FtcCommon-release:] AndroidManifest.xml:132:9-137:20
	android:windowSoftInputMode
		ADDED from [:FtcCommon-release:] AndroidManifest.xml:136:13-67
	android:label
		ADDED from [:FtcCommon-release:] AndroidManifest.xml:135:13-71
	android:configChanges
		ADDED from [:FtcCommon-release:] AndroidManifest.xml:134:13-59
	android:name
		ADDED from [:FtcCommon-release:] AndroidManifest.xml:133:13-95
activity#com.qualcomm.ftccommon.configuration.EditDigitalDevicesActivity
ADDED from [:FtcCommon-release:] AndroidManifest.xml:138:9-143:20
	android:windowSoftInputMode
		ADDED from [:FtcCommon-release:] AndroidManifest.xml:142:13-67
	android:label
		ADDED from [:FtcCommon-release:] AndroidManifest.xml:141:13-66
	android:configChanges
		ADDED from [:FtcCommon-release:] AndroidManifest.xml:140:13-59
	android:name
		ADDED from [:FtcCommon-release:] AndroidManifest.xml:139:13-91
activity#com.qualcomm.ftccommon.configuration.EditI2cDevicesActivity
ADDED from [:FtcCommon-release:] AndroidManifest.xml:144:9-149:20
	android:windowSoftInputMode
		ADDED from [:FtcCommon-release:] AndroidManifest.xml:148:13-67
	android:label
		ADDED from [:FtcCommon-release:] AndroidManifest.xml:147:13-62
	android:configChanges
		ADDED from [:FtcCommon-release:] AndroidManifest.xml:146:13-59
	android:name
		ADDED from [:FtcCommon-release:] AndroidManifest.xml:145:13-87
activity#com.qualcomm.ftccommon.configuration.EditAnalogOutputDevicesActivity
ADDED from [:FtcCommon-release:] AndroidManifest.xml:150:9-155:20
	android:windowSoftInputMode
		ADDED from [:FtcCommon-release:] AndroidManifest.xml:154:13-67
	android:label
		ADDED from [:FtcCommon-release:] AndroidManifest.xml:153:13-72
	android:configChanges
		ADDED from [:FtcCommon-release:] AndroidManifest.xml:152:13-59
	android:name
		ADDED from [:FtcCommon-release:] AndroidManifest.xml:151:13-96
uses-permission#android.permission.INTERNET
ADDED from [:Analytics-release:] AndroidManifest.xml:12:5-14:35
	android:required
		ADDED from [:Analytics-release:] AndroidManifest.xml:14:9-32
	android:name
		ADDED from [:Analytics-release:] AndroidManifest.xml:13:9-51
uses-permission#android.permission.ACCESS_NETWORK_STATE
ADDED from [:Analytics-release:] AndroidManifest.xml:15:5-17:35
	android:required
		ADDED from [:Analytics-release:] AndroidManifest.xml:17:9-32
	android:name
		ADDED from [:Analytics-release:] AndroidManifest.xml:16:9-63
uses-library#android.test.runner
ADDED from [:Analytics-release:] AndroidManifest.xml:23:9-60
	android:name
		ADDED from [:Analytics-release:] AndroidManifest.xml:23:23-57
uses-permission#android.permission.CHANGE_WIFI_STATE
ADDED from [:WirelessP2p-release:] AndroidManifest.xml:9:5-76
	android:name
		ADDED from [:WirelessP2p-release:] AndroidManifest.xml:9:22-73